2024-12-28 20:41:58.499 [info] El experimento \"pythonRecommendTensorboardExt\" está activo
2024-12-28 20:41:58.499 [info] El experimento \"pythonTerminalEnvVarActivation\" está activo
2024-12-28 20:41:58.499 [info] El experimento \"pythonTestAdapter\" está activo
2024-12-28 20:41:58.508 [warning] Dir "/home/guille/.pixi/envs" is not watchable (directory does not exist)
2024-12-28 20:41:58.537 [info] Starting Environment refresh
2024-12-28 20:41:58.537 [info] Searching for interpreters in posix paths locator
2024-12-28 20:41:58.539 [info] Searching for pyenv environments
2024-12-28 20:41:58.539 [info] Searching for conda environments
2024-12-28 20:41:58.539 [info] Searching for global virtual environments
2024-12-28 20:41:58.539 [info] Searching for custom virtual environments
2024-12-28 20:41:58.543 [info] pyenv is not installed
2024-12-28 20:41:58.543 [info] Finished searching for pyenv environments: 6 milliseconds
2024-12-28 20:41:58.543 [info] Finished searching for custom virtual envs: 5 milliseconds
2024-12-28 20:41:58.554 [info] > conda info --json
2024-12-28 20:41:58.562 [info] > hatch env show --json
2024-12-28 20:41:58.562 [info] cwd: .
2024-12-28 20:41:58.565 [info] > pyenv which python
2024-12-28 20:41:58.565 [info] cwd: .
2024-12-28 20:41:58.565 [info] Finished searching for global virtual envs: 28 milliseconds
2024-12-28 20:41:58.566 [info] Found: /bin/python3 --> /bin/python3.12
2024-12-28 20:41:58.566 [info] Found: /bin/python3.12 --> /bin/python3.12
2024-12-28 20:41:58.570 [info] Found: /usr/bin/python3 --> /usr/bin/python3.12
2024-12-28 20:41:58.570 [info] Found: /usr/bin/python3.12 --> /usr/bin/python3.12
2024-12-28 20:41:58.602 [info] Finished searching for interpreters in posix paths locator: 65 milliseconds
2024-12-28 20:41:58.602 [info] > /bin/python3 -I ./.vscode-server/extensions/ms-python.python-2024.22.1-linux-x64/python_files/get_output_via_markers.py ./.vscode-server/extensions/ms-python.python-2024.22.1-linux-x64/python_files/interpreterInfo.py
2024-12-28 20:41:58.607 [info] > /usr/bin/python3 -I ./.vscode-server/extensions/ms-python.python-2024.22.1-linux-x64/python_files/get_output_via_markers.py ./.vscode-server/extensions/ms-python.python-2024.22.1-linux-x64/python_files/interpreterInfo.py
2024-12-28 20:41:58.607 [info] Environments refresh paths discovered (event): 71 milliseconds
2024-12-28 20:41:58.607 [info] Environments refresh paths discovered: 71 milliseconds
2024-12-28 20:41:58.635 [info] Environments refresh finished (event): 99 milliseconds
2024-12-28 20:41:58.638 [info] Environment refresh took 103 milliseconds
2024-12-28 20:41:58.640 [info] Ruta de acceso del intérprete de Python: /bin/python3
2024-12-28 20:41:58.791 [info] Shell integration status changed, can confirm it's working.
2024-12-28 20:41:59.833 [info] Iniciando el servidor de lenguaje Pylance.
2024-12-28 20:49:16.146 [info] Discover tests for workspace name: guille - uri: /home/guille/.vscode-server/extensions/.d832b95c-1d31-4750-b09f-77e9ea022709/pythonFiles/pyproject.toml
