2024-12-28 23:50:36.634 [info] El experimento \"pythonRecommendTensorboardExt\" está activo
2024-12-28 23:50:36.634 [info] El experimento \"pythonTerminalEnvVarActivation\" está activo
2024-12-28 23:50:36.634 [info] El experimento \"pythonTestAdapter\" está activo
2024-12-28 23:50:36.634 [info] Starting Environment refresh
2024-12-28 23:50:36.634 [info] Searching for interpreters in posix paths locator
2024-12-28 23:50:36.634 [info] Searching for pyenv environments
2024-12-28 23:50:36.634 [info] Searching for conda environments
2024-12-28 23:50:36.634 [info] Searching for global virtual environments
2024-12-28 23:50:36.634 [info] Searching for custom virtual environments
2024-12-28 23:50:36.634 [info] pyenv is not installed
2024-12-28 23:50:36.634 [info] Finished searching for pyenv environments: 9 milliseconds
2024-12-28 23:50:36.634 [info] Finished searching for custom virtual envs: 8 milliseconds
2024-12-28 23:50:36.634 [info] > conda info --json
2024-12-28 23:50:36.634 [info] Ruta de acceso del intérprete de Python: /bin/python3
2024-12-28 23:50:36.634 [info] Finished searching for global virtual envs: 21 milliseconds
2024-12-28 23:50:36.635 [info] Found: /bin/python3 --> /bin/python3.12
2024-12-28 23:50:36.635 [info] Found: /bin/python3.12 --> /bin/python3.12
2024-12-28 23:50:36.638 [info] Found: /usr/bin/python3 --> /usr/bin/python3.12
2024-12-28 23:50:36.639 [info] Found: /usr/bin/python3.12 --> /usr/bin/python3.12
2024-12-28 23:50:36.708 [info] Finished searching for interpreters in posix paths locator: 274 milliseconds
2024-12-28 23:50:36.709 [info] > /bin/python3 -I ~/.vscode-server/extensions/ms-python.python-2024.22.1-linux-x64/python_files/get_output_via_markers.py ~/.vscode-server/extensions/ms-python.python-2024.22.1-linux-x64/python_files/interpreterInfo.py
2024-12-28 23:50:36.715 [info] > /usr/bin/python3 -I ~/.vscode-server/extensions/ms-python.python-2024.22.1-linux-x64/python_files/get_output_via_markers.py ~/.vscode-server/extensions/ms-python.python-2024.22.1-linux-x64/python_files/interpreterInfo.py
2024-12-28 23:50:36.715 [info] Environments refresh paths discovered (event): 282 milliseconds
2024-12-28 23:50:36.715 [info] Environments refresh paths discovered: 282 milliseconds
2024-12-28 23:50:36.731 [info] Environments refresh finished (event): 298 milliseconds
2024-12-28 23:50:36.733 [info] Environment refresh took 301 milliseconds
2024-12-28 23:50:37.403 [info] Iniciando el servidor de lenguaje Pylance.
