2024-12-29 00:20:01.997 [info] [main] Nivel de registro: Info
2024-12-29 00:20:01.997 [info] [main] Validando git encontrado en: "git"
2024-12-29 00:20:01.997 [info] [main] Usando git "2.43.0" de "git"
2024-12-29 00:20:01.997 [info] [Model][doInitialScan] Initial repository scan started
2024-12-29 00:20:01.997 [info] > git rev-parse --show-toplevel [1ms]
2024-12-29 00:20:01.997 [info] fatal: not a git repository (or any of the parent directories): .git
2024-12-29 00:20:01.997 [info] > git rev-parse --show-toplevel [1ms]
2024-12-29 00:20:01.997 [info] fatal: not a git repository (or any of the parent directories): .git
2024-12-29 00:20:02.020 [info] > git rev-parse --show-toplevel [1ms]
2024-12-29 00:20:02.020 [info] fatal: not a git repository (or any of the parent directories): .git
2024-12-29 00:20:02.022 [info] > git rev-parse --show-toplevel [1ms]
2024-12-29 00:20:02.022 [info] fatal: not a git repository (or any of the parent directories): .git
2024-12-29 00:20:02.024 [info] > git rev-parse --show-toplevel [1ms]
2024-12-29 00:20:02.024 [info] fatal: not a git repository (or any of the parent directories): .git
2024-12-29 00:20:02.107 [info] > git rev-parse --show-toplevel [61ms]
2024-12-29 00:20:02.107 [info] fatal: not a git repository (or any of the parent directories): .git
2024-12-29 00:20:02.125 [info] > git rev-parse --show-toplevel [17ms]
2024-12-29 00:20:02.125 [info] fatal: not a git repository (or any of the parent directories): .git
2024-12-29 00:20:02.141 [info] > git rev-parse --show-toplevel [15ms]
2024-12-29 00:20:02.141 [info] fatal: not a git repository (or any of the parent directories): .git
2024-12-29 00:20:02.144 [info] > git rev-parse --show-toplevel [0ms]
2024-12-29 00:20:02.144 [info] fatal: not a git repository (or any of the parent directories): .git
2024-12-29 00:20:02.146 [info] > git rev-parse --show-toplevel [0ms]
2024-12-29 00:20:02.146 [info] fatal: not a git repository (or any of the parent directories): .git
2024-12-29 00:20:02.147 [info] [Model][doInitialScan] Initial repository scan completed - repositories (0), closed repositories (0), parent repositories (0), unsafe repositories (0)
2024-12-29 00:20:02.350 [info] > git rev-parse --show-toplevel [1ms]
2024-12-29 00:20:02.350 [info] fatal: not a git repository (or any of the parent directories): .git
2024-12-29 00:20:03.602 [info] > git rev-parse --show-toplevel [1ms]
2024-12-29 00:20:03.602 [info] fatal: not a git repository (or any of the parent directories): .git
2024-12-29 00:20:30.922 [info] > git rev-parse --show-toplevel [2ms]
2024-12-29 00:20:30.927 [info] > git rev-parse --git-dir --git-common-dir [1ms]
2024-12-29 00:20:30.941 [info] [Model][openRepository] Opened repository: /home/guille
2024-12-29 00:20:30.952 [info] [Git][getRemotes] No remotes found in the git config file
2024-12-29 00:20:30.952 [info] > git config --get commit.template [3ms]
2024-12-29 00:20:30.953 [info] > git for-each-ref --format=%(refname)%00%(upstream:short)%00%(objectname)%00%(upstream:track)%00%(upstream:remotename)%00%(upstream:remoteref) refs/heads/master refs/remotes/master [2ms]
2024-12-29 00:20:30.953 [warning] [Git][getBranch] No such branch: master
2024-12-29 00:20:30.961 [info] > git for-each-ref --sort -committerdate --format %(refname) %(objectname) %(*objectname) [3ms]
2024-12-29 00:20:30.985 [info] > git status -z -uall [30ms] (cancelled)
2024-12-29 00:20:31.245 [info] > git show --textconv :desdeVSC [2ms]
2024-12-29 00:20:31.245 [info] > git ls-files --stage -- /home/guille/desdeVSC [1ms]
2024-12-29 00:20:31.476 [info] > git check-ignore -v -z --stdin [2ms]
2024-12-29 00:20:42.042 [info] > git config --local branch.master.github-pr-owner-number [4ms]
2024-12-29 00:20:42.042 [warning] [Git][config] git config failed: Failed to execute git
2024-12-29 00:20:42.044 [info] > git for-each-ref --format=%(refname)%00%(upstream:short)%00%(objectname)%00%(upstream:track)%00%(upstream:remotename)%00%(upstream:remoteref) refs/heads/master refs/remotes/master [10ms]
2024-12-29 00:20:42.045 [warning] [Git][getBranch] No such branch: master
2024-12-29 00:20:42.045 [error] [GitHistoryProvider][resolveHEADMergeBase] Failed to resolve merge base for master: Error: No such branch: master.
2024-12-29 00:20:42.047 [info] > git config --local branch.master.remote [3ms]
2024-12-29 00:20:42.047 [warning] [Git][config] git config failed: Failed to execute git
2024-12-29 00:20:42.048 [info] > git config --get commit.template [9ms]
2024-12-29 00:20:42.051 [info] [Git][getRemotes] No remotes found in the git config file
2024-12-29 00:20:42.051 [info] > git config --local branch.master.merge [3ms]
2024-12-29 00:20:42.051 [warning] [Git][config] git config failed: Failed to execute git
2024-12-29 00:20:42.051 [info] > git for-each-ref --format=%(refname)%00%(upstream:short)%00%(objectname)%00%(upstream:track)%00%(upstream:remotename)%00%(upstream:remoteref) refs/heads/master refs/remotes/master [1ms]
2024-12-29 00:20:42.051 [warning] [Git][getBranch] No such branch: master
2024-12-29 00:20:42.054 [info] > git for-each-ref --sort -committerdate --format %(refname) %(objectname) %(*objectname) [1ms]
2024-12-29 00:20:42.117 [info] > git status -z -uall [65ms] (cancelled)
2024-12-29 00:23:11.860 [info] [Git][getRemotes] No remotes found in the git config file
2024-12-29 00:23:11.861 [info] > git config --get commit.template [3ms]
2024-12-29 00:23:11.861 [info] > git for-each-ref --format=%(refname)%00%(upstream:short)%00%(objectname)%00%(upstream:track)%00%(upstream:remotename)%00%(upstream:remoteref) refs/heads/main refs/remotes/main [1ms]
2024-12-29 00:23:11.861 [warning] [Git][getBranch] No such branch: main
2024-12-29 00:23:11.866 [info] > git for-each-ref --sort -committerdate --format %(refname) %(objectname) %(*objectname) [0ms]
2024-12-29 00:23:11.950 [info] > git status -z -uall [87ms] (cancelled)
2024-12-29 00:23:11.950 [info] > git config --local branch.main.github-pr-owner-number [2ms]
2024-12-29 00:23:11.950 [warning] [Git][config] git config failed: Failed to execute git
2024-12-29 00:23:11.952 [info] > git for-each-ref --format=%(refname)%00%(upstream:short)%00%(objectname)%00%(upstream:track)%00%(upstream:remotename)%00%(upstream:remoteref) refs/heads/main refs/remotes/main [8ms]
2024-12-29 00:23:11.952 [warning] [Git][getBranch] No such branch: main
2024-12-29 00:23:11.952 [error] [GitHistoryProvider][resolveHEADMergeBase] Failed to resolve merge base for main: Error: No such branch: main.
2024-12-29 00:23:11.956 [info] > git config --local branch.main.remote [4ms]
2024-12-29 00:23:11.956 [warning] [Git][config] git config failed: Failed to execute git
2024-12-29 00:23:11.961 [info] > git config --local branch.main.merge [3ms]
2024-12-29 00:23:11.961 [warning] [Git][config] git config failed: Failed to execute git
2024-12-29 00:24:28.649 [info] > git config --get commit.template [3ms]
2024-12-29 00:24:28.650 [info] > git for-each-ref --format=%(refname)%00%(upstream:short)%00%(objectname)%00%(upstream:track)%00%(upstream:remotename)%00%(upstream:remoteref) refs/heads/mai refs/remotes/mai [1ms]
2024-12-29 00:24:28.650 [warning] [Git][getBranch] No such branch: mai
2024-12-29 00:24:28.654 [info] > git for-each-ref --sort -committerdate --format %(refname) %(objectname) %(*objectname) [1ms]
2024-12-29 00:24:28.730 [info] > git status -z -uall [79ms] (cancelled)
2024-12-29 00:24:28.730 [info] > git for-each-ref --format=%(refname)%00%(upstream:short)%00%(objectname)%00%(upstream:track)%00%(upstream:remotename)%00%(upstream:remoteref) refs/heads/mai refs/remotes/mai [1ms]
2024-12-29 00:24:28.730 [warning] [Git][getBranch] No such branch: mai
2024-12-29 00:24:28.731 [error] [GitHistoryProvider][resolveHEADMergeBase] Failed to resolve merge base for mai: Error: No such branch: mai.
2024-12-29 00:24:29.559 [info] > git config --local branch.mai.github-pr-owner-number [87ms]
2024-12-29 00:24:29.559 [warning] [Git][config] git config failed: Failed to execute git
2024-12-29 00:24:29.561 [info] > git config --local branch.mai.remote [1ms]
2024-12-29 00:24:29.561 [warning] [Git][config] git config failed: Failed to execute git
2024-12-29 00:24:29.563 [info] > git config --local branch.mai.merge [1ms]
2024-12-29 00:24:29.563 [warning] [Git][config] git config failed: Failed to execute git
