2024-12-28 20:27:11.305 [info] [main] Log level: Info
2024-12-28 20:27:11.305 [info] [main] Validating found git in: "git"
2024-12-28 20:27:11.305 [info] [main] Using git "2.43.0" from "git"
2024-12-28 20:27:11.305 [info] [Model][doInitialScan] Initial repository scan started
2024-12-28 20:27:11.305 [info] > git rev-parse --show-toplevel [2ms]
2024-12-28 20:27:11.305 [info] fatal: not a git repository (or any of the parent directories): .git
2024-12-28 20:27:11.307 [info] > git rev-parse --show-toplevel [3ms]
2024-12-28 20:27:11.307 [info] fatal: not a git repository (or any of the parent directories): .git
2024-12-28 20:27:11.310 [info] > git rev-parse --show-toplevel [2ms]
2024-12-28 20:27:11.310 [info] fatal: not a git repository (or any of the parent directories): .git
2024-12-28 20:27:11.314 [info] > git rev-parse --show-toplevel [1ms]
2024-12-28 20:27:11.314 [info] fatal: not a git repository (or any of the parent directories): .git
2024-12-28 20:27:11.316 [info] > git rev-parse --show-toplevel [1ms]
2024-12-28 20:27:11.316 [info] fatal: not a git repository (or any of the parent directories): .git
2024-12-28 20:27:11.320 [info] > git rev-parse --show-toplevel [2ms]
2024-12-28 20:27:11.320 [info] fatal: not a git repository (or any of the parent directories): .git
2024-12-28 20:27:11.322 [info] > git rev-parse --show-toplevel [1ms]
2024-12-28 20:27:11.322 [info] fatal: not a git repository (or any of the parent directories): .git
2024-12-28 20:27:11.324 [info] [Model][doInitialScan] Initial repository scan completed - repositories (0), closed repositories (0), parent repositories (0), unsafe repositories (0)
2024-12-28 20:27:12.188 [info] > git rev-parse --show-toplevel [1ms]
2024-12-28 20:27:12.188 [info] fatal: not a git repository (or any of the parent directories): .git
