2024-12-29 00:20:02.144 [warning] /home/guille/.ssh/config: ENOENT: no such file or directory, open '/home/guille/.ssh/config'
2024-12-29 00:20:02.144 [info] Activation> Extension version: 0.102.0
2024-12-29 00:20:02.334 [info] Looking for git repository
2024-12-29 00:20:02.334 [info] Found 0 repositories during activation
2024-12-29 00:20:02.334 [info] Git repository found, initializing review manager and pr tree view.
2024-12-29 00:20:02.335 [info] Registering git provider
2024-12-29 00:20:30.941 [info] Repository file:///home/guille has been opened
2024-12-29 00:20:30.941 [info] Review+0> Validate state in progress
2024-12-29 00:20:30.941 [info] Review+0> Validating state...
2024-12-29 00:20:30.943 [warning] No remotes found. The following remotes are missing: origin, upstream
2024-12-29 00:20:30.943 [info] No GitHub remotes found for folder /home/guille
2024-12-29 00:20:42.033 [info] Review+0> Validate state in progress
2024-12-29 00:20:42.033 [info] Review+0> Validating state...
2024-12-29 00:20:42.033 [info] Repo state for file:///home/guille changed.
2024-12-29 00:20:42.033 [info] Repo file:///home/guille has already been setup.
2024-12-29 00:20:42.036 [warning] No remotes found. The following remotes are missing: origin, upstream
2024-12-29 00:20:42.036 [info] No GitHub remotes found for folder /home/guille
2024-12-29 00:20:42.044 [info] Review+0> No matching pull request metadata found locally for current branch master
2024-12-29 00:20:42.051 [info] Review+0> No matching pull request metadata found on GitHub for current branch master
2024-12-29 00:23:11.942 [info] Review+0> Validate state in progress
2024-12-29 00:23:11.942 [info] Review+0> Validating state...
2024-12-29 00:23:11.947 [warning] No remotes found. The following remotes are missing: origin, upstream
2024-12-29 00:23:11.947 [info] No GitHub remotes found for folder /home/guille
2024-12-29 00:23:11.952 [info] Review+0> No matching pull request metadata found locally for current branch main
2024-12-29 00:23:11.961 [info] Review+0> No matching pull request metadata found on GitHub for current branch main
2024-12-29 00:24:28.728 [info] Review+0> Validate state in progress
2024-12-29 00:24:28.728 [info] Review+0> Validating state...
2024-12-29 00:24:28.739 [info] Found GitHub remote for folder /home/guille
2024-12-29 00:24:29.470 [info] Trying to use globalState for assignableUsers.
2024-12-29 00:24:29.560 [info] Review+0> No matching pull request metadata found locally for current branch mai
2024-12-29 00:24:29.563 [info] Review+0> No matching pull request metadata found on GitHub for current branch mai
2024-12-29 00:24:29.567 [info] GlobalState does not exist for assignableUsers.
