2024-12-28 19:56:22.563 [info] Extension host with pid 504 started
2024-12-28 19:56:22.575 [info] ExtensionService#_doActivateExtension vscode.git-base, startup: true, activationEvent: '*', root cause: vscode.git
2024-12-28 19:56:22.579 [info] Lock '/home/guille/.vscode-server/data/User/workspaceStorage/bf81d804f09e1deb80b5a783d09bf8f0/vscode.lock': Lock acquired.
2024-12-28 19:56:22.600 [info] ExtensionService#_doActivateExtension vscode.git, startup: true, activationEvent: '*'
2024-12-28 19:56:22.600 [info] ExtensionService#_doActivateExtension vscode.github, startup: true, activationEvent: '*'
2024-12-28 19:56:22.679 [info] Eager extensions activated
2024-12-28 19:56:22.679 [info] ExtensionService#_doActivateExtension vscode.debug-auto-launch, startup: false, activationEvent: 'onStartupFinished'
2024-12-28 19:56:22.679 [info] ExtensionService#_doActivateExtension vscode.merge-conflict, startup: false, activationEvent: 'onStartupFinished'
2024-12-28 19:57:59.528 [info] ExtensionService#_doActivateExtension vscode.emmet, startup: false, activationEvent: 'onLanguage'
2024-12-28 20:08:42.563 [info] ExtensionService#_doActivateExtension ms-vscode.js-debug, startup: false, activationEvent: 'onTerminalProfile:extension.js-debug.debugTerminal'
2024-12-28 20:10:44.604 [info] ExtensionService#_doActivateExtension vscode.grunt, startup: false, activationEvent: 'onTaskType:grunt'
2024-12-28 20:10:44.604 [info] ExtensionService#_doActivateExtension vscode.gulp, startup: false, activationEvent: 'onTaskType:gulp'
2024-12-28 20:10:44.605 [info] ExtensionService#_doActivateExtension vscode.jake, startup: false, activationEvent: 'onTaskType:jake'
2024-12-28 20:10:44.605 [info] ExtensionService#_doActivateExtension vscode.npm, startup: false, activationEvent: 'onTaskType:npm'
2024-12-28 20:10:44.605 [info] ExtensionService#_doActivateExtension vscode.typescript-language-features, startup: false, activationEvent: 'onTaskType:typescript'
2024-12-28 20:10:44.917 [info] ExtensionService#_doActivateExtension vscode.configuration-editing, startup: false, activationEvent: 'onLanguage:json'
2024-12-28 20:10:44.917 [info] ExtensionService#_doActivateExtension vscode.extension-editing, startup: false, activationEvent: 'onLanguage:json'
2024-12-28 20:10:44.917 [info] ExtensionService#_doActivateExtension vscode.json-language-features, startup: false, activationEvent: 'onLanguage:json'
2024-12-28 20:18:18.688 [info] Extension host terminating: received terminate message from renderer
2024-12-28 20:18:18.688 [info] Lock '/home/guille/.vscode-server/data/User/workspaceStorage/bf81d804f09e1deb80b5a783d09bf8f0/vscode.lock': Marking the lockfile as scheduled to be released in 6000 ms.
2024-12-28 20:18:18.719 [info] Extension host with pid 504 exiting with code 0
