2024-12-28 19:56:22.695 [info] [main] Log level: Info
2024-12-28 19:56:22.695 [info] [main] Validating found git in: "git"
2024-12-28 19:56:22.695 [info] [main] Using git "2.43.0" from "git"
2024-12-28 19:56:22.695 [info] [Model][doInitialScan] Initial repository scan started
2024-12-28 19:56:22.695 [info] > git rev-parse --show-toplevel [1ms]
2024-12-28 19:56:22.695 [info] fatal: not a git repository (or any of the parent directories): .git
2024-12-28 19:56:22.697 [info] > git rev-parse --show-toplevel [1ms]
2024-12-28 19:56:22.697 [info] fatal: not a git repository (or any of the parent directories): .git
2024-12-28 19:56:22.709 [info] > git rev-parse --show-toplevel [1ms]
2024-12-28 19:56:22.709 [info] fatal: not a git repository (or any of the parent directories): .git
2024-12-28 19:56:22.713 [info] > git rev-parse --show-toplevel [1ms]
2024-12-28 19:56:22.713 [info] fatal: not a git repository (or any of the parent directories): .git
2024-12-28 19:56:22.714 [info] > git rev-parse --show-toplevel [0ms]
2024-12-28 19:56:22.714 [info] fatal: not a git repository (or any of the parent directories): .git
2024-12-28 19:56:22.716 [info] > git rev-parse --show-toplevel [1ms]
2024-12-28 19:56:22.716 [info] fatal: not a git repository (or any of the parent directories): .git
2024-12-28 19:56:22.717 [info] > git rev-parse --show-toplevel [1ms]
2024-12-28 19:56:22.717 [info] fatal: not a git repository (or any of the parent directories): .git
2024-12-28 19:56:22.718 [info] [Model][doInitialScan] Initial repository scan completed - repositories (0), closed repositories (0), parent repositories (0), unsafe repositories (0)
2024-12-28 19:56:24.143 [info] > git rev-parse --show-toplevel [1ms]
2024-12-28 19:56:24.143 [info] fatal: not a git repository (or any of the parent directories): .git
2024-12-28 20:14:46.128 [info] > git rev-parse --show-toplevel [4ms]
2024-12-28 20:14:46.128 [info] fatal: not a git repository (or any of the parent directories): .git
